[10:23:38] [INIT] KubeJS 2101.7.1-build.181; MC 2101 NeoForge
[10:23:38] [INIT] Loaded plugins:
[10:23:38] [INIT] - dev.latvian.mods.kubejs.BuiltinKubeJSPlugin
[10:23:38] [INIT] - dev.latvian.mods.kubejs.client.BuiltinKubeJSClientPlugin
[10:23:38] [INIT] - dev.latvian.mods.kubejs.integration.architectury.ArchitecturyIntegration
[10:23:38] [INIT] - moe.wolfgirl.probejs.plugin.BuiltinProbeJSPlugin
[10:23:38] [INIT] - moe.wolfgirl.probejs.plugin.ProbeJSKJSPlugin
[10:23:38] [INIT] - dev.latvian.mods.kubejs.mekanism.MekanismKubeJSPlugin
[10:23:38] [INIT] - com.almostreliable.kubeaa.KubePlugin
[10:23:38] [INIT] - dev.ftb.mods.ftbxmodcompat.neoforge.ftbquests.kubejs.FTBQuestsKubeJSPlugin
[10:23:38] [INIT] - dev.ftb.mods.ftbxmodcompat.neoforge.ftbchunks.kubejs.FTBChunksKubeJSPlugin
[10:23:38] [INIT] - dev.ftb.mods.ftbxmodcompat.neoforge.ftbteams.kubejs.FTBTeamsKubeJSPlugin
[10:23:38] [INIT] - dev.ftb.mods.ftbxmodcompat.neoforge.ftbfiltersystem.kubejs.FFSKubeJSPlugin
[10:23:38] [INIT] - com.almostreliable.kubeio.KubePlugin
[10:23:38] [INFO] Loaded script server_scripts:campfire_smelting.js in 0.002 s
[10:23:38] [INFO] Loaded script server_scripts:immersive.js in 0.0 s
[10:23:38] [INFO] server_scripts:main.js#2: Hello, World! (Loaded server example script)
[10:23:38] [INFO] Loaded script server_scripts:main.js in 0.0 s
[10:23:38] [INFO] Loaded script server_scripts:recipe.js in 0.002 s
[10:23:38] [INFO] Loaded script server_scripts:removed.js in 0.0 s
[10:23:38] [INFO] Loaded script server_scripts:shapeless.js in 0.0 s
[10:23:38] [INFO] Loaded 6/6 KubeJS server scripts in 0.027 s with 0 errors and 0 warnings
[10:23:40] [INFO] Processing recipes...
[10:23:40] [INFO] Initializing recipe event...
[10:23:40] [INFO] Skipping recipe mysticalagriculture:seed/crafting/tin, conditions not met
[10:23:40] [INFO] Skipping recipe ae2:matter_cannon/nuggets/yttrium, conditions not met
[10:23:40] [INFO] Skipping recipe actuallyadditions:mininglens/xycraft/xychorium_ore_dark, conditions not met
[10:23:40] [INFO] Skipping recipe mysticalagriculture:seed/reprocessor/rock_crystal, conditions not met
[10:23:40] [INFO] Skipping recipe immersiveengineering:crafting/hammercrushing_ardite, conditions not met
[10:23:40] [INFO] Skipping recipe immersiveengineering:metalpress/gear_zinc, conditions not met
[10:23:40] [INFO] Skipping recipe actuallyadditions:mininglens/elementsofpower/sapphire_ore, conditions not met
[10:23:40] [INFO] Skipping recipe ae2:matter_cannon/nuggets/indium, conditions not met
[10:23:40] [INFO] Skipping recipe immersiveengineering:crusher/raw_block_platinum, conditions not met
[10:23:40] [INFO] Skipping recipe mysticalagriculture:essence/create/veridium, conditions not met
[10:23:40] [INFO] Skipping recipe ae2:matter_cannon/nuggets/bismuth, conditions not met
[10:23:40] [INFO] Skipping recipe mysticalagriculture:seed/crafting/rubber, conditions not met
[10:23:40] [INFO] Skipping recipe sophisticatedbackpacks:chipped/alchemy_bench_upgrade, conditions not met
[10:23:40] [INFO] Skipping recipe mysticalagriculture:essence/botania/white_mystical_flower, conditions not met
[10:23:40] [INFO] Skipping recipe immersiveengineering:metalpress/rod_tungsten, conditions not met
[10:23:40] [INFO] Skipping recipe mysticalagradditions:tconstruct/casting/prudentium/ingot_sand_cast, conditions not met
[10:23:40] [INFO] Skipping recipe ae2:matter_cannon/nuggets/cerium, conditions not met
[10:23:40] [INFO] Skipping recipe ae2:matter_cannon/nuggets/bromine, conditions not met
[10:23:40] [INFO] Skipping recipe mysticalagriculture:essence/tconstruct/slimesteel_ingot, conditions not met
[10:23:40] [INFO] Skipping recipe mysticalagriculture:seed/crafting/end_steel, conditions not met
[10:23:40] [INFO] Skipping recipe ae2:matter_cannon/nuggets/titanium, conditions not met
[10:23:40] [INFO] Skipping recipe mysticalagriculture:essence/redstone_arsenal/flux_ingot, conditions not met
[10:23:40] [INFO] Skipping recipe mysticalagradditions:tconstruct/casting/prudentium/ingot_gold_cast, conditions not met
[10:23:40] [INFO] Skipping recipe mysticalagriculture:seed/reprocessor/marble, conditions not met
[10:23:40] [INFO] Skipping recipe mysticalagradditions:tconstruct/tools/casting/inferium, conditions not met
[10:23:40] [INFO] Skipping recipe actuallyadditions:mininglens/modern_industrialization/antimony_ore, conditions not met
[10:23:40] [INFO] Skipping recipe mysticalagradditions:gaia_spirit_crux, conditions not met
[10:23:40] [INFO] Skipping recipe immersiveengineering:metalpress/rod_constantan, conditions not met
[10:23:40] [INFO] Skipping recipe immersiveengineering:metalpress/rod_cobalt, conditions not met
[10:23:40] [INFO] Skipping recipe mysticalagriculture:seed/infusion/cyanite, conditions not met
[10:23:40] [INFO] Skipping recipe mysticalagriculture:seed/crafting/elementium, conditions not met
[10:23:40] [INFO] Skipping recipe mekanism:compat/farmersdelight/sawing/cod_slice, conditions not met
[10:23:40] [INFO] Skipping recipe sophisticatedstorage:chipped/loom_table_upgrade, conditions not met
[10:23:40] [INFO] Skipping recipe mysticalagriculture:seed/crafting/hepatizon, conditions not met
[10:23:40] [INFO] Skipping recipe mysticalagriculture:seed/crafting/flux_infused_ingot, conditions not met
[10:23:40] [INFO] Skipping recipe mysticalagriculture:mystical_flower_agglomeratio, conditions not met
[10:23:40] [INFO] Skipping recipe ae2:matter_cannon/nuggets/technetium, conditions not met
[10:23:40] [INFO] Skipping recipe mysticalagriculture:seed/crafting/platinum, conditions not met
[10:23:40] [INFO] Skipping recipe ae2:matter_cannon/nuggets/phosphorus, conditions not met
[10:23:40] [INFO] Skipping recipe immersiveengineering:metalpress/gear_platinum, conditions not met
[10:23:40] [INFO] Skipping recipe mekanism:compat/farmersdelight/sawing/salmon_slice, conditions not met
[10:23:40] [INFO] Skipping recipe mysticalagriculture:seed/reprocessor/pig_iron, conditions not met
[10:23:40] [INFO] Skipping recipe mekanism:compat/farmersdelight/sawing/chicken_cuts, conditions not met
[10:23:40] [INFO] Skipping recipe mysticalagriculture:seed/infusion/knightmetal, conditions not met
[10:23:40] [INFO] Skipping recipe mysticalagradditions:tconstruct/tools/materials/inferium/ingot, conditions not met
[10:23:40] [INFO] Skipping recipe enderio:rs_conduit, conditions not met
[10:23:40] [INFO] Skipping recipe immersiveengineering:metalpress/gear_constantan, conditions not met
[10:23:40] [INFO] Skipping recipe immersiveengineering:metalpress/gear_brass, conditions not met
[10:23:40] [INFO] Skipping recipe mysticalagriculture:seed/reprocessor/slimesteel, conditions not met
[10:23:40] [INFO] Skipping recipe actuallyadditions:mininglens/elementsofpower/onyx_ore, conditions not met
[10:23:40] [INFO] Skipping recipe mysticalagradditions:tconstruct/melting/tertium/ingot, conditions not met
[10:23:40] [INFO] Skipping recipe immersiveengineering:metalpress/gear_steel, conditions not met
[10:23:40] [INFO] Skipping recipe mysticalagriculture:seed/infusion/basalt, conditions not met
[10:23:40] [INFO] Skipping recipe immersiveengineering:arcfurnace/dust_brass, conditions not met
[10:23:40] [INFO] Skipping recipe immersiveengineering:metalpress/gear_silver, conditions not met
[10:23:40] [INFO] Skipping recipe immersiveengineering:metalpress/wire_manyullyn, conditions not met
[10:23:40] [INFO] Skipping recipe mysticalagriculture:seed/infusion/basalz, conditions not met
[10:23:40] [INFO] Skipping recipe mysticalagriculture:seed/infusion/gaia_spirit, conditions not met
[10:23:40] [INFO] Skipping recipe ae2:matter_cannon/nuggets/boron, conditions not met
[10:23:40] [INFO] Skipping recipe mysticalagriculture:seed/infusion/ironwood, conditions not met
[10:23:40] [INFO] Skipping recipe ae2:matter_cannon/nuggets/cesium, conditions not met
[10:23:40] [INFO] Skipping recipe sophisticatedstorage:storage_chipped_alchemy_bench_upgrade_from_backpack_chipped_alchemy_bench_upgrade, conditions not met
[10:23:40] [INFO] Skipping recipe mysticalagradditions:tconstruct/casting/inferium/nugget_sand_cast, conditions not met
[10:23:40] [INFO] Skipping recipe mysticalagradditions:tconstruct/casting/inferium/ingot_sand_cast, conditions not met
[10:23:40] [INFO] Skipping recipe mysticalagradditions:tconstruct/melting/supremium/block, conditions not met
[10:23:40] [INFO] Skipping recipe mysticalagriculture:seed/crafting/soulium, conditions not met
[10:23:40] [INFO] Skipping recipe mysticalagradditions:tconstruct/tools/casting/supremium, conditions not met
[10:23:40] [INFO] Skipping recipe mysticalagriculture:seed/crafting/pig, conditions not met
[10:23:40] [INFO] Skipping recipe mysticalagriculture:seed/infusion/iridium, conditions not met
[10:23:40] [INFO] Skipping recipe immersiveengineering:metalpress/rod_bronze, conditions not met
[10:23:40] [INFO] Skipping recipe ae2:matter_cannon/nuggets/sodium, conditions not met
[10:23:40] [INFO] Skipping recipe mysticalagriculture:seed/reprocessor/signalum, conditions not met
[10:23:40] [INFO] Skipping recipe mysticalagriculture:seed/crafting/soularium, conditions not met
[10:23:40] [INFO] Skipping recipe mysticalagriculture:seed/crafting/nether, conditions not met
[10:23:40] [INFO] Skipping recipe mysticalagriculture:seed/crafting/blazing_crystal, conditions not met
[10:23:40] [INFO] Skipping recipe mysticalagradditions:tconstruct/melting/prudentium/nugget, conditions not met
[10:23:40] [INFO] Skipping recipe immersiveengineering:metalpress/wire_invar, conditions not met
[10:23:40] [INFO] Skipping recipe mysticalagriculture:seed/infusion/cobalt, conditions not met
[10:23:40] [INFO] Skipping recipe mysticalagriculture:essence/refinedstorage/quartz_enriched_iron_ingot, conditions not met
[10:23:40] [INFO] Skipping recipe mysticalagriculture:essence/twilightforest/knightmetal_ingot, conditions not met
[10:23:40] [INFO] Skipping recipe mysticalagradditions:tconstruct/melting/inferium/nugget, conditions not met
[10:23:40] [INFO] Skipping recipe mysticalagradditions:tconstruct/tools/materials/prudentium/block, conditions not met
[10:23:40] [INFO] Skipping recipe mysticalagriculture:seed/crafting/grains_of_infinity, conditions not met
[10:23:40] [INFO] Skipping recipe mysticalagradditions:tconstruct/casting/inferium/block, conditions not met
[10:23:40] [INFO] Skipping recipe actuallyadditions:mininglens/modern_industrialization/salt_ore, conditions not met
[10:23:40] [INFO] Skipping recipe mysticalagriculture:seed/reprocessor/fiery_ingot, conditions not met
[10:23:40] [INFO] Skipping recipe actuallyadditions:mininglens/modern_industrialization/lignite_coal_ore, conditions not met
[10:23:40] [INFO] Skipping recipe immersiveengineering:arcfurnace/raw_block_cobalt, conditions not met
[10:23:40] [INFO] Skipping recipe immersiveengineering:arcfurnace/ore_platinum, conditions not met
[10:23:40] [INFO] Skipping recipe mysticalagriculture:seed/crafting/silver, conditions not met
[10:23:40] [INFO] Skipping recipe mysticalagradditions:tconstruct/casting/inferium/ingot_gold_cast, conditions not met
[10:23:40] [INFO] Skipping recipe mysticalagradditions:tconstruct/casting/imperium/nugget_gold_cast, conditions not met
[10:23:40] [INFO] Skipping recipe ae2:matter_cannon/nuggets/iridium, conditions not met
[10:23:40] [INFO] Skipping recipe ae2:matter_cannon/nuggets/rhodium, conditions not met
[10:23:40] [INFO] Skipping recipe mysticalagradditions:tconstruct/melting/prudentium/ingot, conditions not met
[10:23:40] [INFO] Skipping recipe mysticalagriculture:essence/tconstruct/hepatizon_ingot, conditions not met
[10:23:40] [INFO] Skipping recipe mysticalagriculture:seed/reprocessor/manasteel, conditions not met
[10:23:40] [INFO] Skipping recipe mysticalagriculture:seed/crafting/energized_steel, conditions not met
[10:23:40] [INFO] Skipping recipe actuallyadditions:mininglens/elementsofpower/rubellite_ore, conditions not met
[10:23:40] [INFO] Skipping recipe sophisticatedstorage:backpack_chipped_glassblower_upgrade_from_storage_chipped_glassblower_upgrade, conditions not met
[10:23:40] [INFO] Skipping recipe actuallyadditions:mininglens/xycraft/xychorium_ore_red, conditions not met
[10:23:40] [INFO] Skipping recipe ae2:matter_cannon/nuggets/calcium, conditions not met
[10:23:40] [INFO] Skipping recipe immersiveengineering:alloysmelter/rose_gold, conditions not met
[10:23:40] [INFO] Skipping recipe mysticalagriculture:essence/astralsorcery/aquamarine, conditions not met
[10:23:40] [INFO] Skipping recipe sophisticatedstorage:storage_chipped_botanist_workbench_upgrade_from_backpack_chipped_botanist_workbench_upgrade, conditions not met
[10:23:40] [INFO] Skipping recipe immersiveengineering:metalpress/wire_nickel, conditions not met
[10:23:40] [INFO] Skipping recipe immersiveengineering:metalpress/gear_lead, conditions not met
[10:23:40] [INFO] Skipping recipe mysticalagriculture:essence/thermal/lumium_ingot, conditions not met
[10:23:40] [INFO] Skipping recipe mysticalagriculture:essence/create/ochrum, conditions not met
[10:23:40] [INFO] Skipping recipe mysticalagriculture:essence/integrateddynamics/menril_berries, conditions not met
[10:23:40] [INFO] Skipping recipe mysticalagriculture:seed/crafting/spider, conditions not met
[10:23:40] [INFO] Skipping recipe mysticalagriculture:seed/crafting/pig_iron, conditions not met
[10:23:40] [INFO] Skipping recipe sophisticatedbackpacks:chipped/tinkering_table_upgrade, conditions not met
[10:23:40] [INFO] Skipping recipe sophisticatedbackpacks:chipped/botanist_workbench_upgrade, conditions not met
[10:23:40] [INFO] Skipping recipe mysticalagriculture:seed/infusion/hepatizon, conditions not met
[10:23:40] [INFO] Skipping recipe ae2:matter_cannon/nuggets/carbon, conditions not met
[10:23:40] [INFO] Skipping recipe ae2:matter_cannon/nuggets/cobalt, conditions not met
[10:23:40] [INFO] Skipping recipe mysticalagriculture:seed/crafting/nitro_crystal, conditions not met
[10:23:40] [INFO] Skipping recipe immersiveengineering:crusher/ingot_tungsten, conditions not met
[10:23:40] [INFO] Skipping recipe mysticalagriculture:seed/crafting/refined_obsidian, conditions not met
[10:23:40] [INFO] Skipping recipe mysticalagradditions:tconstruct/melting/tertium/block, conditions not met
[10:23:40] [INFO] Skipping recipe mysticalagriculture:seed/crafting/compressed_iron, conditions not met
[10:23:40] [INFO] Skipping recipe ae2:matter_cannon/nuggets/lithium, conditions not met
[10:23:40] [INFO] Skipping recipe mysticalagriculture:seed/crafting/awakened_draconium, conditions not met
[10:23:40] [INFO] Skipping recipe sophisticatedstorage:backpack_chipped_loom_table_upgrade_from_storage_chipped_loom_table_upgrade, conditions not met
[10:23:40] [INFO] Skipping recipe mysticalagriculture:seed/infusion/amethyst_bronze, conditions not met
[10:23:40] [INFO] Skipping recipe mysticalagriculture:essence/botania/lime_mystical_flower, conditions not met
[10:23:40] [INFO] Skipping recipe ae2:matter_cannon/nuggets/palladium, conditions not met
[10:23:40] [INFO] Skipping recipe immersiveengineering:metalpress/gear_ardite, conditions not met
[10:23:40] [INFO] Skipping recipe mysticalagriculture:seed/crafting/stone, conditions not met
[10:23:40] [INFO] Skipping recipe mysticalagriculture:seed/infusion/yellorium, conditions not met
[10:23:40] [INFO] Skipping recipe mysticalagriculture:seed/crafting/aluminum, conditions not met
[10:23:40] [INFO] Skipping recipe mysticalagriculture:seed/reprocessor/rose_gold, conditions not met
[10:23:40] [INFO] Skipping recipe immersiveengineering:metalpress/wire_uranium, conditions not met
[10:23:40] [INFO] Skipping recipe mysticalagriculture:seed/crafting/rock_crystal, conditions not met
[10:23:40] [INFO] Skipping recipe mysticalagriculture:seed/infusion/blizz, conditions not met
[10:23:40] [INFO] Skipping recipe immersiveengineering:crafting/raw_hammercrushing_ardite, conditions not met
[10:23:40] [INFO] Skipping recipe mysticalagriculture:essence/botania/red_mystical_flower, conditions not met
[10:23:40] [INFO] Skipping recipe immersiveengineering:metalpress/gear_aluminum, conditions not met
[10:23:40] [INFO] Skipping recipe mysticalagriculture:seed/crafting/aquamarine, conditions not met
[10:23:40] [INFO] Skipping recipe immersiveengineering:metalpress/rod_osmium, conditions not met
[10:23:40] [INFO] Skipping recipe mysticalagriculture:seed/crafting/iridium, conditions not met
[10:23:40] [INFO] Skipping recipe mysticalagriculture:seed/crafting/manyullyn, conditions not met
[10:23:40] [INFO] Skipping recipe ae2:matter_cannon/nuggets/germanium, conditions not met
[10:23:40] [INFO] Skipping recipe sophisticatedstorage:chipped/mason_table_upgrade, conditions not met
[10:23:40] [INFO] Skipping recipe mysticalagriculture:seed/infusion/blitz, conditions not met
[10:23:40] [INFO] Skipping recipe mysticalagriculture:seed/infusion/limestone, conditions not met
[10:23:40] [INFO] Skipping recipe immersiveengineering:arcfurnace/raw_block_platinum, conditions not met
[10:23:40] [INFO] Skipping recipe immersiveengineering:metalpress/gear_uranium, conditions not met
[10:23:40] [INFO] Skipping recipe mysticalagriculture:essence/twilightforest/fiery_ingot, conditions not met
[10:23:40] [INFO] Skipping recipe mysticalagriculture:essence/astralsorcery/rock_crystal, conditions not met
[10:23:40] [INFO] Skipping recipe mysticalagriculture:essence/twilightforest/steeleaf_ingot, conditions not met
[10:23:40] [INFO] Skipping recipe immersiveengineering:crusher/ingot_invar, conditions not met
[10:23:40] [INFO] Skipping recipe mysticalagriculture:seed/infusion/rock_crystal, conditions not met
[10:23:40] [INFO] Skipping recipe immersiveengineering:crafting/hammercrushing_cobalt, conditions not met
[10:23:40] [INFO] Skipping recipe mysticalagradditions:tconstruct/tools/materials/prudentium/ingot, conditions not met
[10:23:40] [INFO] Skipping recipe mysticalagriculture:seed/crafting/fluorite, conditions not met
[10:23:40] [INFO] Skipping recipe mysticalagriculture:seed/reprocessor/flux_infused_gem, conditions not met
[10:23:40] [INFO] Skipping recipe mekanism:compat/farmersdelight/sawing/raw_cod_slice, conditions not met
[10:23:40] [INFO] Skipping recipe mysticalagradditions:tconstruct/tools/materials/soulium/ingot, conditions not met
[10:23:40] [INFO] Skipping recipe mysticalagriculture:seed/reprocessor/starmetal, conditions not met
[10:23:40] [INFO] Skipping recipe mysticalagriculture:seed/infusion/elementium, conditions not met
[10:23:40] [INFO] Skipping recipe immersiveengineering:metalpress/wire_cobalt, conditions not met
[10:23:40] [INFO] Skipping recipe mysticalagriculture:seed/infusion/menril, conditions not met
[10:23:40] [INFO] Skipping recipe immersiveengineering:crusher/ingot_platinum, conditions not met
[10:23:40] [INFO] Skipping recipe mysticalagriculture:essence/redstone_arsenal/flux_gem, conditions not met
[10:23:40] [INFO] Skipping recipe mysticalagriculture:essence/botania/elementium_ingot, conditions not met
[10:23:40] [INFO] Skipping recipe immersiveengineering:metalpress/rod_invar, conditions not met
[10:23:40] [INFO] Skipping recipe ae2:matter_cannon/nuggets/sulfur, conditions not met
[10:23:40] [INFO] Skipping recipe mysticalagriculture:seed/reprocessor/limestone, conditions not met
[10:23:40] [INFO] Skipping recipe mysticalagriculture:essence/botania/pink_mystical_flower, conditions not met
[10:23:40] [INFO] Skipping recipe mysticalagriculture:essence/tconstruct/rose_gold_ingot, conditions not met
[10:23:40] [INFO] Skipping recipe ae2:matter_cannon/nuggets/ruthenium, conditions not met
[10:23:40] [INFO] Skipping recipe ae2:matter_cannon/nuggets/tantalum, conditions not met
[10:23:40] [INFO] Skipping recipe immersiveengineering:metalpress/gear_tungsten, conditions not met
[10:23:40] [INFO] Skipping recipe mysticalagriculture:essence/extremereactors2/yellorium_ingot, conditions not met
[10:23:40] [INFO] Skipping recipe mysticalagradditions:tconstruct/melting/prudentium/block, conditions not met
[10:23:40] [INFO] Skipping recipe immersiveengineering:metalpress/plate_platinum, conditions not met
[10:23:40] [INFO] Skipping recipe mysticalagriculture:seed/crafting/blizz, conditions not met
[10:23:40] [INFO] Skipping recipe mysticalagriculture:seed/crafting/blitz, conditions not met
[10:23:40] [INFO] Skipping recipe mysticalagriculture:seed/reprocessor/mystical_flower, conditions not met
[10:23:40] [INFO] Skipping recipe immersiveengineering:arcfurnace/ore_ardite, conditions not met
[10:23:40] [INFO] Skipping recipe mysticalagriculture:seed/infusion/terrasteel, conditions not met
[10:23:40] [INFO] Skipping recipe mekanism:compat/farmersdelight/sawing/raw_mutton_chops, conditions not met
[10:23:40] [INFO] Skipping recipe mysticalagriculture:seed/crafting/flux_infused_gem, conditions not met
[10:23:40] [INFO] Skipping recipe mysticalagriculture:seed/crafting/honey, conditions not met
[10:23:40] [INFO] Skipping recipe mysticalagradditions:tconstruct/tools/materials/tertium/ingot, conditions not met
[10:23:40] [INFO] Skipping recipe mysticalagriculture:seed/crafting/bronze, conditions not met
[10:23:40] [INFO] Skipping recipe actuallyadditions:mininglens/xycraft/aluminum_ore, conditions not met
[10:23:40] [INFO] Skipping recipe immersiveengineering:arcfurnace/raw_block_tungsten, conditions not met
[10:23:40] [INFO] Skipping recipe immersiveengineering:crusher/raw_ore_cobalt, conditions not met
[10:23:40] [INFO] Skipping recipe immersiveengineering:crusher/ingot_rose_gold, conditions not met
[10:23:40] [INFO] Skipping recipe actuallyadditions:mininglens/modern_industrialization/nickel_ore, conditions not met
[10:23:40] [INFO] Skipping recipe mysticalagriculture:seed/crafting/cobalt, conditions not met
[10:23:40] [INFO] Skipping recipe mekanism:compat/farmersdelight/sawing/minced_beef, conditions not met
[10:23:40] [INFO] Skipping recipe mysticalagriculture:seed/crafting/redstone_alloy, conditions not met
[10:23:40] [INFO] Skipping recipe mysticalagriculture:seed/crafting/zombie, conditions not met
[10:23:40] [INFO] Skipping recipe sophisticatedstorage:storage_chipped_loom_table_upgrade_from_backpack_chipped_loom_table_upgrade, conditions not met
[10:23:40] [INFO] Skipping recipe mysticalagriculture:seed/infusion/awakened_draconium, conditions not met
[10:23:40] [INFO] Skipping recipe mysticalagriculture:seed/crafting/rabbit, conditions not met
[10:23:40] [INFO] Skipping recipe mysticalagriculture:seed/crafting/skeleton, conditions not met
[10:23:40] [INFO] Skipping recipe ae2:matter_cannon/nuggets/zirconium, conditions not met
[10:23:40] [INFO] Skipping recipe immersiveengineering:metalpress/gear_invar, conditions not met
[10:23:40] [INFO] Skipping recipe immersiveengineering:crusher/raw_block_tungsten, conditions not met
[10:23:40] [INFO] Skipping recipe mysticalagradditions:tconstruct/casting/inferium/nugget_gold_cast, conditions not met
[10:23:40] [INFO] Skipping recipe mekanism:compat/farmersdelight/sawing/raw_bacon, conditions not met
[10:23:40] [INFO] Skipping recipe mysticalagradditions:tconstruct/casting/soulium/block, conditions not met
[10:23:40] [INFO] Skipping recipe mysticalagriculture:seed/crafting/wood, conditions not met
[10:23:40] [INFO] Skipping recipe immersiveengineering:metalpress/rod_rose_gold, conditions not met
[10:23:40] [INFO] Skipping recipe immersiveengineering:metalpress/plate_zinc, conditions not met
[10:23:40] [INFO] Skipping recipe mysticalagradditions:tconstruct/tools/casting/imperium, conditions not met
[10:23:40] [INFO] Skipping recipe mekanism:compat/farmersdelight/sawing/mutton_chops, conditions not met
[10:23:40] [INFO] Skipping recipe mysticalagradditions:tconstruct/tools/melting/prudentium, conditions not met
[10:23:40] [INFO] Skipping recipe mysticalagriculture:seed/infusion/enderium, conditions not met
[10:23:40] [INFO] Skipping recipe ae2:matter_cannon/nuggets/gallium, conditions not met
[10:23:40] [INFO] Skipping recipe mysticalagriculture:seed/reprocessor/cobalt, conditions not met
[10:23:40] [INFO] Skipping recipe mysticalagriculture:seed/crafting/creeper, conditions not met
[10:23:40] [INFO] Skipping recipe immersiveengineering:metalpress/wire_silver, conditions not met
[10:23:40] [INFO] Skipping recipe mysticalagradditions:tconstruct/tools/casting/prudentium, conditions not met
[10:23:40] [INFO] Skipping recipe mysticalagriculture:seed/crafting/uranium, conditions not met
[10:23:40] [INFO] Skipping recipe immersiveengineering:metalpress/wire_iron, conditions not met
[10:23:40] [INFO] Skipping recipe mysticalagriculture:seed/infusion/rubber, conditions not met
[10:23:40] [INFO] Skipping recipe mysticalagriculture:seed/reprocessor/yellorium, conditions not met
[10:23:40] [INFO] Skipping recipe mysticalagriculture:seed/crafting/rose_gold, conditions not met
[10:23:40] [INFO] Skipping recipe mysticalagriculture:seed/infusion/sapphire, conditions not met
[10:23:40] [INFO] Skipping recipe mysticalagriculture:seed/infusion/mystical_flower, conditions not met
[10:23:40] [INFO] Skipping recipe mysticalagriculture:seed/infusion/lumium, conditions not met
[10:23:40] [INFO] Skipping recipe immersiveengineering:metalpress/rod_lead, conditions not met
[10:23:40] [INFO] Skipping recipe mysticalagradditions:tconstruct/tools/casting/tertium, conditions not met
[10:23:40] [INFO] Skipping recipe immersiveengineering:metalpress/plate_ardite, conditions not met
[10:23:40] [INFO] Skipping recipe mysticalagriculture:seed/crafting/silicon, conditions not met
[10:23:40] [INFO] Skipping recipe mysticalagriculture:seed/crafting/ironwood, conditions not met
[10:23:40] [INFO] Skipping recipe mysticalagradditions:tconstruct/tools/materials/supremium/nugget, conditions not met
[10:23:40] [INFO] Skipping recipe mysticalagriculture:essence/tconstruct/manyullyn_ingot, conditions not met
[10:23:40] [INFO] Skipping recipe immersiveengineering:metalpress/wire_brass, conditions not met
[10:23:40] [INFO] Skipping recipe sophisticatedstorage:backpack_chipped_botanist_workbench_upgrade_from_storage_chipped_botanist_workbench_upgrade, conditions not met
[10:23:40] [INFO] Skipping recipe mysticalagriculture:seed/crafting/yellorium, conditions not met
[10:23:40] [INFO] Skipping recipe mysticalagriculture:seed/reprocessor/enderium, conditions not met
[10:23:40] [INFO] Skipping recipe mysticalagriculture:souls/basalz_rod, conditions not met
[10:23:40] [INFO] Skipping recipe mysticalagriculture:seed/crafting/diamond, conditions not met
[10:23:40] [INFO] Skipping recipe ae2:matter_cannon/nuggets/manganese, conditions not met
[10:23:40] [INFO] Skipping recipe mysticalagriculture:seed/reprocessor/blizz, conditions not met
[10:23:40] [INFO] Skipping recipe mysticalagriculture:seed/reprocessor/cyanite, conditions not met
[10:23:40] [INFO] Skipping recipe immersiveengineering:metalpress/wire_bronze, conditions not met
[10:23:40] [INFO] Skipping recipe mysticalagriculture:seed/crafting/dragon_egg, conditions not met
[10:23:40] [INFO] Skipping recipe mysticalagriculture:seed/crafting/nether_star, conditions not met
[10:23:40] [INFO] Skipping recipe immersiveengineering:metalpress/rod_uranium, conditions not met
[10:23:40] [INFO] Skipping recipe mysticalagriculture:seed/crafting/cyanite, conditions not met
[10:23:40] [INFO] Skipping recipe mysticalagriculture:seed/crafting/gaia_spirit, conditions not met
[10:23:40] [INFO] Skipping recipe mysticalagriculture:seed/crafting/netherite, conditions not met
[10:23:40] [INFO] Skipping recipe immersiveengineering:alloysmelter/manyullyn, conditions not met
[10:23:40] [INFO] Skipping recipe immersiveengineering:crafting/raw_hammercrushing_platinum, conditions not met
[10:23:40] [INFO] Skipping recipe mysticalagriculture:essence/botania/green_mystical_flower, conditions not met
[10:23:40] [INFO] Skipping recipe immersiveengineering:crafting/hammercrushing_tungsten, conditions not met
[10:23:40] [INFO] Skipping recipe mysticalagriculture:seed/crafting/copper, conditions not met
[10:23:40] [INFO] Skipping recipe immersiveengineering:metalpress/plate_cobalt, conditions not met
[10:23:40] [INFO] Skipping recipe mysticalagriculture:seed/crafting/basalt, conditions not met
[10:23:40] [INFO] Skipping recipe mysticalagriculture:seed/crafting/basalz, conditions not met
[10:23:40] [INFO] Skipping recipe mysticalagriculture:essence/integrateddynamics/menril_log, conditions not met
[10:23:40] [INFO] Skipping recipe mysticalagradditions:tconstruct/tools/materials/tertium/block, conditions not met
[10:23:40] [INFO] Skipping recipe sophisticatedbackpacks:chipped/loom_table_upgrade, conditions not met
[10:23:40] [INFO] Skipping recipe mysticalagradditions:essence/gaia_spirit, conditions not met
[10:23:40] [INFO] Skipping recipe immersiveengineering:crusher/raw_ore_zinc, conditions not met
[10:23:40] [INFO] Skipping recipe immersiveengineering:crusher/raw_ore_tungsten, conditions not met
[10:23:40] [INFO] Skipping recipe ae2:matter_cannon/nuggets/charcoal, conditions not met
[10:23:40] [INFO] Skipping recipe mysticalagriculture:seed/crafting/uraninite, conditions not met
[10:23:40] [INFO] Skipping recipe mysticalagriculture:souls/blitz_rod, conditions not met
[10:23:40] [INFO] Skipping recipe immersiveengineering:metalpress/wire_tin, conditions not met
[10:23:40] [INFO] Skipping recipe mysticalagriculture:seed/crafting/limestone, conditions not met
[10:23:40] [INFO] Skipping recipe mysticalagradditions:tconstruct/melting/imperium/block, conditions not met
[10:23:40] [INFO] Skipping recipe ae2:matter_cannon/nuggets/tellurium, conditions not met
[10:23:40] [INFO] Skipping recipe mysticalagriculture:seed/crafting/terrasteel, conditions not met
[10:23:40] [INFO] Skipping recipe mysticalagradditions:tconstruct/tools/materials/inferium/block, conditions not met
[10:23:40] [INFO] Skipping recipe mysticalagriculture:essence/botania/cyan_mystical_flower, conditions not met
[10:23:40] [INFO] Skipping recipe mysticalagriculture:seed/crafting/constantan, conditions not met
[10:23:40] [INFO] Skipping recipe immersiveengineering:metalpress/rod_manyullyn, conditions not met
[10:23:40] [INFO] Skipping recipe mysticalagriculture:essence/twilightforest/ironwood_ingot, conditions not met
[10:23:40] [INFO] Skipping recipe mysticalagriculture:essence/create/limestone, conditions not met
[10:23:40] [INFO] Skipping recipe immersiveengineering:arcfurnace/dust_rose_gold, conditions not met
[10:23:40] [INFO] Skipping recipe mysticalagriculture:seed/crafting/niotic_crystal, conditions not met
[10:23:40] [INFO] Skipping recipe immersiveengineering:metalpress/plate_bronze, conditions not met
[10:23:40] [INFO] Skipping recipe mysticalagriculture:seed/crafting/blaze, conditions not met
[10:23:40] [INFO] Skipping recipe immersiveengineering:crusher/ingot_manyullyn, conditions not met
[10:23:40] [INFO] Skipping recipe mysticalagriculture:seed/crafting/nature, conditions not met
[10:23:40] [INFO] Skipping recipe immersiveengineering:metalpress/gear_osmium, conditions not met
[10:23:40] [INFO] Skipping recipe mysticalagriculture:seed/reprocessor/queens_slime, conditions not met
[10:23:40] [INFO] Skipping recipe mysticalagradditions:tconstruct/casting/tertium/ingot_gold_cast, conditions not met
[10:23:40] [INFO] Skipping recipe mysticalagradditions:tconstruct/tools/melting/supremium, conditions not met
[10:23:40] [INFO] Skipping recipe mysticalagriculture:seed/crafting/draconium, conditions not met
[10:23:40] [INFO] Skipping recipe immersiveengineering:arcfurnace/dust_zinc, conditions not met
[10:23:40] [INFO] Skipping recipe mysticalagriculture:essence/tconstruct/cobalt_ingot, conditions not met
[10:23:40] [INFO] Skipping recipe mysticalagradditions:tconstruct/casting/supremium/ingot_gold_cast, conditions not met
[10:23:40] [INFO] Skipping recipe immersiveengineering:metalpress/plate_brass, conditions not met
[10:23:40] [INFO] Skipping recipe mysticalagriculture:seed/crafting/earth, conditions not met
[10:23:40] [INFO] Skipping recipe mysticalagriculture:seed/reprocessor/blitz, conditions not met
[10:23:40] [INFO] Skipping recipe immersiveengineering:arcfurnace/raw_ore_platinum, conditions not met
[10:23:40] [INFO] Skipping recipe mysticalagriculture:essence/botania/brown_mystical_flower, conditions not met
[10:23:40] [INFO] Skipping recipe mysticalagriculture:seed/crafting/sapphire, conditions not met
[10:23:40] [INFO] Skipping recipe immersiveengineering:arcfurnace/alloy_manyullyn, conditions not met
[10:23:40] [INFO] Skipping recipe mysticalagriculture:seed/crafting/starmetal, conditions not met
[10:23:40] [INFO] Skipping recipe immersiveengineering:arcfurnace/dust_tungsten, conditions not met
[10:23:40] [INFO] Skipping recipe actuallyadditions:mininglens/elementalcraft/inert_crystal_ore, conditions not met
[10:23:40] [INFO] Skipping recipe mysticalagriculture:seed/crafting/amethyst, conditions not met
[10:23:40] [INFO] Skipping recipe actuallyadditions:mininglens/xycraft/xychorium_ore_light, conditions not met
[10:23:40] [INFO] Skipping recipe ae2:matter_cannon/nuggets/xenon, conditions not met
[10:23:40] [INFO] Skipping recipe mysticalagriculture:seed/crafting/prismarine, conditions not met
[10:23:40] [INFO] Skipping recipe mysticalagriculture:seed/crafting/fiery_ingot, conditions not met
[10:23:40] [INFO] Skipping recipe mysticalagradditions:tconstruct/tools/materials/soulium/block, conditions not met
[10:23:40] [INFO] Skipping recipe mysticalagriculture:essence/tconstruct/amethyst_bronze_ingot, conditions not met
[10:23:40] [INFO] Skipping recipe mysticalagriculture:seed/crafting/signalum, conditions not met
[10:23:40] [INFO] Skipping recipe mysticalagradditions:tconstruct/melting/supremium/ingot, conditions not met
[10:23:40] [INFO] Skipping recipe mysticalagriculture:seed/crafting/vibrant_alloy, conditions not met
[10:23:40] [INFO] Skipping recipe mysticalagriculture:essence/astralsorcery/starmetal_ingot, conditions not met
[10:23:40] [INFO] Skipping recipe immersiveengineering:crusher/ingot_brass, conditions not met
[10:23:40] [INFO] Skipping recipe immersiveengineering:arcfurnace/raw_block_zinc, conditions not met
[10:23:40] [INFO] Skipping recipe mysticalagradditions:tconstruct/casting/supremium/nugget_sand_cast, conditions not met
[10:23:40] [INFO] Skipping recipe mysticalagriculture:seed/crafting/brass, conditions not met
[10:23:40] [INFO] Skipping recipe mysticalagriculture:seed/crafting/manasteel, conditions not met
[10:23:40] [INFO] Skipping recipe mysticalagriculture:essence/pneumaticcraft/compressed_iron_ingot, conditions not met
[10:23:40] [INFO] Skipping recipe mysticalagriculture:seed/reprocessor/elementium, conditions not met
[10:23:40] [INFO] Skipping recipe ae2:matter_cannon/nuggets/plutonium, conditions not met
[10:23:40] [INFO] Skipping recipe immersiveengineering:metalpress/wire_ardite, conditions not met
[10:23:40] [INFO] Skipping recipe immersiveengineering:metalpress/rod_brass, conditions not met
[10:23:40] [INFO] Skipping recipe actuallyadditions:mininglens/xycraft/xychorium_ore_green, conditions not met
[10:23:40] [INFO] Skipping recipe mysticalagriculture:essence/botania/manasteel_ingot, conditions not met
[10:23:40] [INFO] Skipping recipe mysticalagriculture:seed/crafting/coal, conditions not met
[10:23:40] [INFO] Skipping recipe mysticalagriculture:essence/botania/orange_mystical_flower, conditions not met
[10:23:40] [INFO] Skipping recipe mysticalagriculture:essence/botania/purple_mystical_flower, conditions not met
[10:23:40] [INFO] Skipping recipe ae2:matter_cannon/nuggets/niobium, conditions not met
[10:23:40] [WARN] KubeRecipe.java#88: Failed to parse recipe 'actuallyadditions:coffee_ingredient/milk_bucket[actuallyadditions:coffee_ingredient]'! Falling back to vanilla: Recipe component key 'effects' not found! Valid keys: [extra_text?:string, effects:EffectInstanceComponent[][], ingredient:non_empty_ingredient, max_amplifier?:int]
[10:23:40] [INFO] Skipping recipe mysticalagradditions:essence/neutronium_nugget, conditions not met
[10:23:40] [INFO] Skipping recipe immersiveengineering:crusher/raw_block_zinc, conditions not met
[10:23:40] [INFO] Skipping recipe mekanism:compat/farmersdelight/sawing/smoked_ham_processing, conditions not met
[10:23:40] [INFO] Skipping recipe immersiveengineering:arcfurnace/ore_cobalt, conditions not met
[10:23:40] [INFO] Skipping recipe mysticalagriculture:seed/crafting/energetic_alloy, conditions not met
[10:23:40] [INFO] Skipping recipe immersiveengineering:crafting/raw_hammercrushing_zinc, conditions not met
[10:23:40] [INFO] Skipping recipe ae2:matter_cannon/nuggets/cadmium, conditions not met
[10:23:40] [INFO] Skipping recipe immersiveengineering:metalpress/wire_constantan, conditions not met
[10:23:40] [INFO] Skipping recipe mysticalagriculture:seed/crafting/enderman, conditions not met
[10:23:40] [INFO] Skipping recipe mysticalagradditions:tconstruct/casting/soulium/ingot_gold_cast, conditions not met
[10:23:40] [INFO] Skipping recipe mysticalagriculture:seed/reprocessor/terrasteel, conditions not met
[10:23:40] [INFO] Skipping recipe immersiveengineering:metalpress/rod_nickel, conditions not met
[10:23:40] [INFO] Skipping recipe ae2:matter_cannon/nuggets/scandium, conditions not met
[10:23:40] [INFO] Skipping recipe immersiveengineering:metalpress/wire_zinc, conditions not met
[10:23:40] [INFO] Skipping recipe mysticalagriculture:seed/crafting/pulsating_alloy, conditions not met
[10:23:40] [INFO] Skipping recipe mysticalagriculture:seed/crafting/knightmetal, conditions not met
[10:23:40] [INFO] Skipping recipe mysticalagradditions:tconstruct/casting/supremium/nugget_gold_cast, conditions not met
[10:23:40] [INFO] Skipping recipe mysticalagriculture:seed/reprocessor/awakened_draconium, conditions not met
[10:23:40] [INFO] Skipping recipe mysticalagriculture:seed/crafting/glowstone, conditions not met
[10:23:40] [INFO] Skipping recipe immersiveengineering:metalpress/plate_rose_gold, conditions not met
[10:23:40] [INFO] Skipping recipe mysticalagriculture:seed/crafting/air, conditions not met
[10:23:40] [INFO] Skipping recipe ae2:matter_cannon/nuggets/tungsten, conditions not met
[10:23:40] [INFO] Skipping recipe actuallyadditions:mininglens/elementsofpower/citrine_ore, conditions not met
[10:23:40] [INFO] Skipping recipe mysticalagriculture:seed/crafting/marble, conditions not met
[10:23:40] [INFO] Skipping recipe ae2:matter_cannon/nuggets/vanadium, conditions not met
[10:23:40] [INFO] Skipping recipe immersiveengineering:crusher/raw_ore_ardite, conditions not met
[10:23:40] [INFO] Skipping recipe sophisticatedstorage:backpack_chipped_alchemy_bench_upgrade_from_storage_chipped_alchemy_bench_upgrade, conditions not met
[10:23:40] [INFO] Skipping recipe immersiveengineering:metalpress/rod_gold, conditions not met
[10:23:40] [INFO] Skipping recipe mysticalagradditions:tconstruct/melting/imperium/ingot, conditions not met
[10:23:40] [INFO] Skipping recipe mysticalagriculture:seed/crafting/water, conditions not met
[10:23:40] [INFO] Skipping recipe mysticalagriculture:seed/crafting/coral, conditions not met
[10:23:40] [INFO] Skipping recipe immersiveengineering:metalpress/gear_manyullyn, conditions not met
[10:23:40] [INFO] Skipping recipe sophisticatedstorage:backpack_chipped_carpenters_table_upgrade_from_storage_chipped_carpenters_table_upgrade, conditions not met
[10:23:40] [INFO] Skipping recipe ae2:matter_cannon/nuggets/fish, conditions not met
[10:23:40] [INFO] Skipping recipe actuallyadditions:coffee_ingredient/milk_tagged, conditions not met
[10:23:40] [INFO] Skipping recipe immersiveengineering:arcfurnace/alloy_rose_gold, conditions not met
[10:23:40] [INFO] Skipping recipe mysticalagriculture:seed/crafting/slimesteel, conditions not met
[10:23:40] [INFO] Skipping recipe mysticalagriculture:seed/crafting/turtle, conditions not met
[10:23:40] [INFO] Skipping recipe immersiveengineering:crusher/ore_cobalt, conditions not met
[10:23:40] [INFO] Skipping recipe immersiveengineering:metalpress/gear_tin, conditions not met
[10:23:40] [INFO] Skipping recipe mekanism:compat/farmersdelight/sawing/ham_processing, conditions not met
[10:23:40] [INFO] Skipping recipe immersiveengineering:arcfurnace/dust_manyullyn, conditions not met
[10:23:40] [INFO] Skipping recipe mysticalagradditions:tconstruct/tools/melting/tertium, conditions not met
[10:23:40] [INFO] Skipping recipe immersiveengineering:crusher/ingot_cobalt, conditions not met
[10:23:40] [INFO] Skipping recipe mysticalagradditions:tconstruct/tools/materials/imperium/nugget, conditions not met
[10:23:40] [INFO] Skipping recipe actuallyadditions:mininglens/elementsofpower/ruby_ore, conditions not met
[10:23:40] [INFO] Skipping recipe mysticalagradditions:tconstruct/melting/inferium/block, conditions not met
[10:23:40] [INFO] Skipping recipe immersiveengineering:metalpress/wire_tungsten, conditions not met
[10:23:40] [INFO] Skipping recipe mysticalagriculture:seed/infusion/pig_iron, conditions not met
[10:23:40] [INFO] Skipping recipe immersiveengineering:metalpress/rod_electrum, conditions not met
[10:23:40] [INFO] Skipping recipe immersiveengineering:arcfurnace/dust_cobalt, conditions not met
[10:23:40] [INFO] Skipping recipe mysticalagriculture:seed/crafting/obsidian, conditions not met
[10:23:40] [INFO] Skipping recipe mysticalagriculture:seed/infusion/signalum, conditions not met
[10:23:40] [INFO] Skipping recipe mysticalagradditions:awakened_draconium_crux, conditions not met
[10:23:40] [INFO] Skipping recipe mysticalagriculture:seed/infusion/peridot, conditions not met
[10:23:40] [INFO] Skipping recipe ae2:matter_cannon/nuggets/silicon, conditions not met
[10:23:40] [INFO] Skipping recipe ae2:matter_cannon/nuggets/magnesium, conditions not met
[10:23:40] [INFO] Skipping recipe immersiveengineering:alloysmelter/invar, conditions not met
[10:23:40] [INFO] Skipping recipe immersiveengineering:crusher/raw_block_cobalt, conditions not met
[10:23:40] [INFO] Skipping recipe ae2:matter_cannon/nuggets/invar, conditions not met
[10:23:40] [INFO] Skipping recipe mysticalagradditions:tconstruct/tools/melting/soulium, conditions not met
[10:23:40] [INFO] Skipping recipe mysticalagriculture:seed/crafting/experience, conditions not met
[10:23:40] [INFO] Skipping recipe immersiveengineering:crafting/hammercrushing_zinc, conditions not met
[10:23:40] [INFO] Skipping recipe mysticalagriculture:seed/reprocessor/ironwood, conditions not met
[10:23:40] [INFO] Skipping recipe actuallyadditions:mininglens/xycraft/xychorium_ore_blue, conditions not met
[10:23:40] [INFO] Skipping recipe mysticalagradditions:tconstruct/tools/materials/tertium/nugget, conditions not met
[10:23:40] [INFO] Skipping recipe mysticalagradditions:tconstruct/tools/melting/inferium, conditions not met
[10:23:40] [INFO] Skipping recipe immersiveengineering:metalpress/rod_tin, conditions not met
[10:23:40] [INFO] Skipping recipe mysticalagradditions:tconstruct/tools/materials/supremium/ingot, conditions not met
[10:23:40] [INFO] Skipping recipe mysticalagriculture:seed/crafting/sky_stone, conditions not met
[10:23:40] [INFO] Skipping recipe mysticalagriculture:seed/reprocessor/basalt, conditions not met
[10:23:40] [INFO] Skipping recipe mysticalagriculture:seed/reprocessor/basalz, conditions not met
[10:23:40] [INFO] Skipping recipe mysticalagriculture:seed/crafting/lead, conditions not met
[10:23:40] [INFO] Skipping recipe ae2:matter_cannon/nuggets/meatcooked, conditions not met
[10:23:40] [INFO] Skipping recipe mysticalagriculture:seed/crafting/quartz_enriched_iron, conditions not met
[10:23:40] [INFO] Skipping recipe mysticalagriculture:seed/crafting/slime, conditions not met
[10:23:40] [INFO] Skipping recipe mysticalagriculture:seed/infusion/starmetal, conditions not met
[10:23:40] [INFO] Skipping recipe mysticalagriculture:seed/crafting/refined_glowstone, conditions not met
[10:23:40] [INFO] Skipping recipe mysticalagriculture:seed/reprocessor/aquamarine, conditions not met
[10:23:40] [INFO] Skipping recipe mekanism:compat/farmersdelight/sawing/raw_chicken_cuts, conditions not met
[10:23:40] [INFO] Skipping recipe mysticalagriculture:seed/infusion/fiery_ingot, conditions not met
[10:23:40] [INFO] Skipping recipe immersiveengineering:crusher/ore_platinum, conditions not met
[10:23:40] [INFO] Skipping recipe mysticalagriculture:souls/blizz_rod, conditions not met
[10:23:40] [INFO] Skipping recipe mysticalagriculture:seed/crafting/amethyst_bronze, conditions not met
[10:23:40] [INFO] Skipping recipe ae2:matter_cannon/nuggets/krypton, conditions not met
[10:23:40] [INFO] Skipping recipe immersiveengineering:arcfurnace/raw_block_ardite, conditions not met
[10:23:40] [INFO] Skipping recipe mysticalagriculture:essence/thermal/signalum_ingot, conditions not met
[10:23:40] [INFO] Skipping recipe sophisticatedstorage:backpack_chipped_tinkering_table_upgrade_from_storage_chipped_tinkering_table_upgrade, conditions not met
[10:23:40] [INFO] Skipping recipe mysticalagriculture:seed/infusion/saltpeter, conditions not met
[10:23:40] [INFO] Skipping recipe mysticalagriculture:seed/crafting/fluix, conditions not met
[10:23:40] [INFO] Skipping recipe ae2:matter_cannon/nuggets/barium, conditions not met
[10:23:40] [INFO] Skipping recipe mysticalagriculture:seed/reprocessor/lumium, conditions not met
[10:23:40] [INFO] Skipping recipe mysticalagriculture:seed/crafting/deepslate, conditions not met
[10:23:40] [INFO] Skipping recipe mysticalagriculture:seed/crafting/steeleaf, conditions not met
[10:23:40] [INFO] Skipping recipe sophisticatedstorage:chipped/carpenters_table_upgrade, conditions not met
[10:23:40] [INFO] Skipping recipe mysticalagriculture:seed/crafting/graphite, conditions not met
[10:23:40] [INFO] Skipping recipe mysticalagriculture:seed/crafting/nether_quartz, conditions not met
[10:23:40] [INFO] Skipping recipe mysticalagradditions:tconstruct/casting/soulium/nugget_sand_cast, conditions not met
[10:23:40] [INFO] Skipping recipe mysticalagradditions:tconstruct/tools/materials/inferium/nugget, conditions not met
[10:23:40] [INFO] Skipping recipe mysticalagradditions:tconstruct/casting/tertium/block, conditions not met
[10:23:40] [INFO] Skipping recipe mysticalagradditions:tconstruct/casting/supremium/ingot_sand_cast, conditions not met
[10:23:40] [INFO] Skipping recipe mysticalagriculture:seed/infusion/ruby, conditions not met
[10:23:40] [INFO] Skipping recipe immersiveengineering:arcfurnace/alloy_invar, conditions not met
[10:23:40] [INFO] Skipping recipe sophisticatedstorage:chipped/tinkering_table_upgrade, conditions not met
[10:23:40] [INFO] Skipping recipe immersiveengineering:metalpress/wire_rose_gold, conditions not met
[10:23:40] [INFO] Skipping recipe mysticalagriculture:essence/create/crimsite, conditions not met
[10:23:40] [INFO] Skipping recipe sophisticatedstorage:chipped/botanist_workbench_upgrade, conditions not met
[10:23:40] [INFO] Skipping recipe immersiveengineering:arcfurnace/raw_ore_zinc, conditions not met
[10:23:40] [INFO] Skipping recipe immersiveengineering:metalpress/plate_tin, conditions not met
[10:23:40] [INFO] Skipping recipe mysticalagriculture:seed/crafting/end, conditions not met
[10:23:40] [INFO] Skipping recipe mysticalagriculture:seed/reprocessor/draconium, conditions not met
[10:23:40] [INFO] Skipping recipe mysticalagriculture:seed/crafting/enderium, conditions not met
[10:23:40] [INFO] Skipping recipe mysticalagriculture:seed/crafting/certus_quartz, conditions not met
[10:23:40] [INFO] Skipping recipe mysticalagriculture:seed/reprocessor/flux_infused_ingot, conditions not met
[10:23:40] [INFO] Skipping recipe mysticalagradditions:tconstruct/melting/inferium/ingot, conditions not met
[10:23:40] [INFO] Skipping recipe mysticalagradditions:tconstruct/casting/tertium/nugget_sand_cast, conditions not met
[10:23:40] [INFO] Skipping recipe ae2:matter_cannon/nuggets/beryllium, conditions not met
[10:23:40] [INFO] Skipping recipe sophisticatedstorage:backpack_chipped_mason_table_upgrade_from_storage_chipped_mason_table_upgrade, conditions not met
[10:23:40] [INFO] Skipping recipe mysticalagriculture:essence/tconstruct/pig_iron_ingot, conditions not met
[10:23:40] [INFO] Skipping recipe mysticalagriculture:seed/crafting/dye, conditions not met
[10:23:40] [INFO] Skipping recipe immersiveengineering:metalpress/rod_silver, conditions not met
[10:23:40] [INFO] Skipping recipe mysticalagriculture:seed/reprocessor/steeleaf, conditions not met
[10:23:40] [INFO] Skipping recipe mysticalagriculture:seed/infusion/manasteel, conditions not met
[10:23:40] [INFO] Skipping recipe mysticalagriculture:seed/infusion/marble, conditions not met
[10:23:40] [INFO] Skipping recipe ae2:matter_cannon/nuggets/lanthanum, conditions not met
[10:23:40] [INFO] Skipping recipe mysticalagriculture:seed/crafting/ruby, conditions not met
[10:23:40] [INFO] Skipping recipe immersiveengineering:arcfurnace/raw_ore_cobalt, conditions not met
[10:23:40] [INFO] Skipping recipe mysticalagriculture:seed/infusion/apatite, conditions not met
[10:23:40] [INFO] Skipping recipe mysticalagriculture:seed/infusion/invar, conditions not met
[10:23:40] [INFO] Skipping recipe immersiveengineering:metalpress/plate_tungsten, conditions not met
[10:23:40] [INFO] Skipping recipe immersiveengineering:metalpress/wire_gold, conditions not met
[10:23:40] [INFO] Skipping recipe immersiveengineering:arcfurnace/ore_tungsten, conditions not met
[10:23:40] [INFO] Skipping recipe mysticalagradditions:tconstruct/casting/tertium/ingot_sand_cast, conditions not met
[10:23:40] [INFO] Skipping recipe mysticalagriculture:essence/botania/black_mystical_flower, conditions not met
[10:23:40] [INFO] Skipping recipe immersiveengineering:metalpress/plate_invar, conditions not met
[10:23:40] [INFO] Skipping recipe mysticalagriculture:seed/infusion/quartz_enriched_iron, conditions not met
[10:23:40] [INFO] Skipping recipe immersiveengineering:crusher/ingot_zinc, conditions not met
[10:23:40] [INFO] Skipping recipe mysticalagriculture:seed/crafting/squid, conditions not met
[10:23:40] [INFO] Skipping recipe immersiveengineering:metalpress/rod_zinc, conditions not met
[10:23:40] [INFO] Skipping recipe mysticalagriculture:seed/reprocessor/menril, conditions not met
[10:23:40] [INFO] Skipping recipe ae2:matter_cannon/nuggets/antimony, conditions not met
[10:23:40] [INFO] Skipping recipe mysticalagriculture:essence/draconicevolution/draconium_ingot, conditions not met
[10:23:40] [INFO] Skipping recipe mysticalagradditions:tconstruct/casting/soulium/ingot_sand_cast, conditions not met
[10:23:40] [INFO] Skipping recipe mysticalagriculture:seed/crafting/peridot, conditions not met
[10:23:40] [INFO] Skipping recipe ae2:matter_cannon/nuggets/zinc, conditions not met
[10:23:40] [INFO] Skipping recipe mysticalagradditions:tconstruct/tools/materials/supremium/block, conditions not met
[10:23:40] [INFO] Skipping recipe mysticalagradditions:tconstruct/tools/materials/prudentium/nugget, conditions not met
[10:23:40] [INFO] Skipping recipe mysticalagriculture:seed/infusion/zinc, conditions not met
[10:23:40] [INFO] Skipping recipe mysticalagriculture:seed/crafting/ghast, conditions not met
[10:23:40] [INFO] Skipping recipe mysticalagriculture:seed/crafting/cow, conditions not met
[10:23:40] [INFO] Skipping recipe ae2:matter_cannon/nuggets/strontium, conditions not met
[10:23:40] [INFO] Skipping recipe mysticalagriculture:essence/thermal/blitz_rod, conditions not met
[10:23:40] [INFO] Skipping recipe mysticalagriculture:seed/crafting/wither_skeleton, conditions not met
[10:23:40] [INFO] Skipping recipe mysticalagradditions:tconstruct/tools/materials/soulium/nugget, conditions not met
[10:23:40] [INFO] Skipping recipe mysticalagradditions:tconstruct/casting/imperium/block, conditions not met
[10:23:40] [INFO] Skipping recipe sophisticatedbackpacks:chipped/mason_table_upgrade, conditions not met
[10:23:40] [INFO] Skipping recipe ae2:matter_cannon/nuggets/potassium, conditions not met
[10:23:40] [INFO] Skipping recipe sophisticatedstorage:storage_chipped_mason_table_upgrade_from_backpack_chipped_mason_table_upgrade, conditions not met
[10:23:40] [INFO] Skipping recipe immersiveengineering:metalpress/gear_copper, conditions not met
[10:23:40] [INFO] Skipping recipe mysticalagriculture:seed/reprocessor/amethyst_bronze, conditions not met
[10:23:40] [INFO] Skipping recipe mysticalagriculture:seed/crafting/nickel, conditions not met
[10:23:40] [INFO] Skipping recipe mysticalagriculture:seed/crafting/emerald, conditions not met
[10:23:40] [INFO] Skipping recipe mysticalagriculture:seed/crafting/zinc, conditions not met
[10:23:40] [INFO] Skipping recipe mysticalagriculture:seed/infusion/draconium, conditions not met
[10:23:40] [INFO] Skipping recipe mysticalagradditions:tconstruct/melting/tertium/nugget, conditions not met
[10:23:40] [INFO] Skipping recipe immersiveengineering:crusher/ore_zinc, conditions not met
[10:23:40] [INFO] Skipping recipe mysticalagriculture:seed/crafting/dirt, conditions not met
[10:23:40] [INFO] Skipping recipe mysticalagradditions:tconstruct/melting/soulium/block, conditions not met
[10:23:40] [INFO] Skipping recipe mysticalagriculture:seed/infusion/compressed_iron, conditions not met
[10:23:40] [INFO] Skipping recipe mysticalagriculture:seed/infusion/flux_infused_gem, conditions not met
[10:23:40] [INFO] Skipping recipe ae2:matter_cannon/nuggets/meat, conditions not met
[10:23:40] [INFO] Skipping recipe immersiveengineering:metalpress/plate_manyullyn, conditions not met
[10:23:40] [INFO] Skipping recipe mysticalagradditions:tconstruct/melting/supremium/nugget, conditions not met
[10:23:40] [INFO] Skipping recipe immersiveengineering:arcfurnace/ore_zinc, conditions not met
[10:23:40] [INFO] Skipping recipe immersiveengineering:arcfurnace/dust_ardite, conditions not met
[10:23:40] [INFO] Skipping recipe mysticalagriculture:seed/reprocessor/manyullyn, conditions not met
[10:23:40] [INFO] Skipping recipe sophisticatedstorage:storage_chipped_glassblower_upgrade_from_backpack_chipped_glassblower_upgrade, conditions not met
[10:23:40] [INFO] Skipping recipe mysticalagriculture:seed/crafting/hop_graphite, conditions not met
[10:23:40] [INFO] Skipping recipe mysticalagriculture:seed/crafting/invar, conditions not met
[10:23:40] [INFO] Skipping recipe ae2:matter_cannon/nuggets/beef, conditions not met
[10:23:40] [INFO] Skipping recipe mysticalagriculture:seed/crafting/mystical_flower, conditions not met
[10:23:40] [INFO] Skipping recipe ae2:matter_cannon/nuggets/meatraw, conditions not met
[10:23:40] [INFO] Skipping recipe mysticalagriculture:seed/crafting/copper_alloy, conditions not met
[10:23:40] [INFO] Skipping recipe sophisticatedstorage:chipped/glassblower_upgrade, conditions not met
[10:23:40] [INFO] Skipping recipe immersiveengineering:metalpress/rod_platinum, conditions not met
[10:23:40] [INFO] Skipping recipe immersiveengineering:crusher/ore_ardite, conditions not met
[10:23:40] [INFO] Skipping recipe mysticalagriculture:seed/crafting/osmium, conditions not met
[10:23:40] [INFO] Skipping recipe mysticalagradditions:tconstruct/tools/materials/imperium/block, conditions not met
[10:23:40] [INFO] Skipping recipe mysticalagriculture:essence/botania/yellow_mystical_flower, conditions not met
[10:23:40] [INFO] Skipping recipe immersiveengineering:crusher/raw_block_ardite, conditions not met
[10:23:40] [INFO] Skipping recipe mysticalagriculture:seed/crafting/conductive_alloy, conditions not met
[10:23:40] [INFO] Skipping recipe immersiveengineering:crusher/ingot_ardite, conditions not met
[10:23:40] [INFO] Skipping recipe mysticalagriculture:seed/crafting/ice, conditions not met
[10:23:40] [INFO] Skipping recipe mysticalagradditions:neutronium_crux, conditions not met
[10:23:40] [INFO] Skipping recipe immersiveengineering:mineral/wolframite, conditions not met
[10:23:40] [INFO] Skipping recipe mysticalagriculture:seed/crafting/spirited_crystal, conditions not met
[10:23:40] [INFO] Skipping recipe sophisticatedstorage:chipped/alchemy_bench_upgrade, conditions not met
[10:23:40] [INFO] Skipping recipe mysticalagriculture:essence/extremereactors2/cyanite_ingot, conditions not met
[10:23:40] [INFO] Skipping recipe mysticalagriculture:essence/botania/magenta_mystical_flower, conditions not met
[10:23:40] [INFO] Skipping recipe mysticalagradditions:tconstruct/casting/imperium/ingot_gold_cast, conditions not met
[10:23:40] [INFO] Skipping recipe sophisticatedbackpacks:chipped/carpenters_table_upgrade, conditions not met
[10:23:40] [INFO] Skipping recipe immersiveengineering:crusher/ore_tungsten, conditions not met
[10:23:40] [INFO] Skipping recipe mysticalagriculture:seed/reprocessor/hepatizon, conditions not met
[10:23:40] [INFO] Skipping recipe immersiveengineering:arcfurnace/dust_invar, conditions not met
[10:23:40] [INFO] Skipping recipe mysticalagradditions:tconstruct/melting/soulium/nugget, conditions not met
[10:23:40] [INFO] Skipping recipe mysticalagradditions:tconstruct/casting/prudentium/nugget_gold_cast, conditions not met
[10:23:40] [INFO] Skipping recipe immersiveengineering:metalpress/gear_electrum, conditions not met
[10:23:40] [INFO] Skipping recipe ae2:matter_cannon/nuggets/chicken, conditions not met
[10:23:40] [INFO] Skipping recipe immersiveengineering:alloysmelter/brass, conditions not met
[10:23:40] [INFO] Skipping recipe mysticalagriculture:seed/crafting/dark_steel, conditions not met
[10:23:40] [INFO] Skipping recipe mysticalagriculture:essence/botania/gray_mystical_flower, conditions not met
[10:23:40] [INFO] Skipping recipe mysticalagriculture:seed/crafting/neutronium, conditions not met
[10:23:40] [INFO] Skipping recipe mysticalagriculture:essence/thermal/enderium_ingot, conditions not met
[10:23:40] [INFO] Skipping recipe mysticalagriculture:seed/crafting/electrum, conditions not met
[10:23:40] [INFO] Skipping recipe mysticalagriculture:seed/infusion/rose_gold, conditions not met
[10:23:40] [INFO] Skipping recipe mysticalagriculture:seed/reprocessor/gaia_spirit, conditions not met
[10:23:40] [INFO] Skipping recipe immersiveengineering:crafting/raw_hammercrushing_tungsten, conditions not met
[10:23:40] [INFO] Skipping recipe ae2:matter_cannon/nuggets/platinum, conditions not met
[10:23:40] [INFO] Skipping recipe immersiveengineering:metalpress/plate_osmium, conditions not met
[10:23:40] [INFO] Skipping recipe mysticalagriculture:essence/botania/light_blue_mystical_flower, conditions not met
[10:23:40] [INFO] Skipping recipe immersiveengineering:metalpress/gear_nickel, conditions not met
[10:23:40] [INFO] Skipping recipe mysticalagriculture:seed/crafting/chicken, conditions not met
[10:23:40] [INFO] Skipping recipe mysticalagradditions:tconstruct/casting/imperium/ingot_sand_cast, conditions not met
[10:23:40] [INFO] Skipping recipe mysticalagriculture:seed/crafting/sheep, conditions not met
[10:23:40] [INFO] Skipping recipe mysticalagriculture:seed/crafting/lumium, conditions not met
[10:23:40] [INFO] Skipping recipe immersiveengineering:metalpress/rod_copper, conditions not met
[10:23:40] [INFO] Skipping recipe mysticalagriculture:seed/infusion/aquamarine, conditions not met
[10:23:40] [INFO] Skipping recipe sophisticatedbackpacks:chipped/glassblower_upgrade, conditions not met
[10:23:40] [INFO] Skipping recipe immersiveengineering:metalpress/wire_osmium, conditions not met
[10:23:40] [INFO] Skipping recipe immersiveengineering:crafting/hammercrushing_platinum, conditions not met
[10:23:40] [INFO] Skipping recipe mysticalagradditions:tconstruct/melting/soulium/ingot, conditions not met
[10:23:40] [INFO] Skipping recipe mysticalagriculture:seed/crafting/gold, conditions not met
[10:23:40] [INFO] Skipping recipe immersiveengineering:arcfurnace/raw_ore_tungsten, conditions not met
[10:23:40] [INFO] Skipping recipe mysticalagriculture:seed/reprocessor/knightmetal, conditions not met
[10:23:40] [INFO] Skipping recipe mysticalagriculture:seed/crafting/sulfur, conditions not met
[10:23:40] [INFO] Skipping recipe mysticalagradditions:tconstruct/tools/casting/soulium, conditions not met
[10:23:40] [INFO] Skipping recipe immersiveengineering:metalpress/wire_platinum, conditions not met
[10:23:40] [INFO] Skipping recipe mekanism:compat/farmersdelight/sawing/raw_salmon_slice, conditions not met
[10:23:40] [INFO] Skipping recipe mysticalagradditions:tconstruct/casting/tertium/nugget_gold_cast, conditions not met
[10:23:40] [INFO] Skipping recipe mysticalagriculture:seed/crafting/apatite, conditions not met
[10:23:40] [INFO] Skipping recipe mysticalagriculture:seed/crafting/breeze, conditions not met
[10:23:40] [INFO] Skipping recipe mysticalagriculture:seed/infusion/flux_infused_ingot, conditions not met
[10:23:40] [INFO] Skipping recipe mysticalagradditions:tconstruct/casting/prudentium/nugget_sand_cast, conditions not met
[10:23:40] [INFO] Skipping recipe mysticalagradditions:tconstruct/casting/supremium/block, conditions not met
[10:23:40] [INFO] Skipping recipe mysticalagradditions:essence/awakened_draconium_nugget, conditions not met
[10:23:40] [INFO] Skipping recipe mysticalagriculture:seed/infusion/slimesteel, conditions not met
[10:23:40] [INFO] Skipping recipe mysticalagriculture:seed/crafting/queens_slime, conditions not met
[10:23:40] [INFO] Skipping recipe immersiveengineering:arcfurnace/dust_platinum, conditions not met
[10:23:40] [INFO] Skipping recipe immersiveengineering:metalpress/gear_bronze, conditions not met
[10:23:40] [INFO] Skipping recipe mysticalagradditions:tconstruct/tools/melting/imperium, conditions not met
[10:23:40] [INFO] Skipping recipe mysticalagriculture:essence/botania/terrasteel_ingot, conditions not met
[10:23:40] [INFO] Skipping recipe immersiveengineering:arcfurnace/alloy_brass, conditions not met
[10:23:40] [INFO] Skipping recipe mysticalagriculture:seed/reprocessor/compressed_iron, conditions not met
[10:23:40] [INFO] Skipping recipe mysticalagriculture:essence/tconstruct/queens_slime_ingot, conditions not met
[10:23:40] [INFO] Skipping recipe ae2:matter_cannon/nuggets/rubidium, conditions not met
[10:23:40] [INFO] Skipping recipe immersiveengineering:metalpress/gear_gold, conditions not met
[10:23:40] [INFO] Skipping recipe ae2:matter_cannon/nuggets/iodine, conditions not met
[10:23:40] [INFO] Skipping recipe mysticalagradditions:tconstruct/casting/soulium/nugget_gold_cast, conditions not met
[10:23:40] [INFO] Skipping recipe mysticalagriculture:seed/crafting/armadillo, conditions not met
[10:23:40] [INFO] Skipping recipe actuallyadditions:mininglens/modern_industrialization/monazite_ore, conditions not met
[10:23:40] [INFO] Skipping recipe mysticalagriculture:essence/astralsorcery/marble, conditions not met
[10:23:40] [INFO] Skipping recipe mysticalagriculture:seed/infusion/queens_slime, conditions not met
[10:23:40] [INFO] Skipping recipe actuallyadditions:mininglens/elementsofpower/agate_ore, conditions not met
[10:23:40] [INFO] Skipping recipe mysticalagriculture:seed/crafting/saltpeter, conditions not met
[10:23:40] [INFO] Skipping recipe mysticalagriculture:seed/crafting/redstone, conditions not met
[10:23:40] [INFO] Skipping recipe mysticalagradditions:tconstruct/casting/prudentium/block, conditions not met
[10:23:40] [INFO] Skipping recipe mysticalagriculture:essence/integrateddynamics/menril_sapling, conditions not met
[10:23:40] [INFO] Skipping recipe mysticalagriculture:essence/create/asurine, conditions not met
[10:23:40] [INFO] Skipping recipe mysticalagriculture:seed/crafting/iron, conditions not met
[10:23:40] [INFO] Skipping recipe mysticalagriculture:seed/infusion/brass, conditions not met
[10:23:40] [INFO] Skipping recipe sophisticatedstorage:storage_chipped_carpenters_table_upgrade_from_backpack_chipped_carpenters_table_upgrade, conditions not met
[10:23:40] [INFO] Skipping recipe mysticalagradditions:tconstruct/melting/imperium/nugget, conditions not met
[10:23:40] [INFO] Skipping recipe mysticalagriculture:seed/reprocessor/neutronium, conditions not met
[10:23:40] [INFO] Skipping recipe mysticalagriculture:seed/crafting/fire, conditions not met
[10:23:40] [INFO] Skipping recipe mysticalagriculture:seed/crafting/fish, conditions not met
[10:23:40] [INFO] Skipping recipe sophisticatedstorage:storage_chipped_tinkering_table_upgrade_from_backpack_chipped_tinkering_table_upgrade, conditions not met
[10:23:40] [INFO] Skipping recipe mysticalagriculture:essence/botania/blue_mystical_flower, conditions not met
[10:23:40] [INFO] Skipping recipe mysticalagriculture:seed/infusion/steeleaf, conditions not met
[10:23:40] [INFO] Skipping recipe mysticalagriculture:seed/crafting/lapis_lazuli, conditions not met
[10:23:40] [INFO] Skipping recipe immersiveengineering:crafting/raw_hammercrushing_cobalt, conditions not met
[10:23:40] [INFO] Skipping recipe mysticalagriculture:seed/crafting/steel, conditions not met
[10:23:40] [INFO] Skipping recipe immersiveengineering:metalpress/gear_cobalt, conditions not met
[10:23:40] [INFO] Skipping recipe mysticalagriculture:essence/thermal/blizz_rod, conditions not met
[10:23:40] [INFO] Skipping recipe ae2:matter_cannon/nuggets/sheep, conditions not met
[10:23:40] [INFO] Skipping recipe mysticalagriculture:seed/reprocessor/quartz_enriched_iron, conditions not met
[10:23:40] [INFO] Skipping recipe immersiveengineering:metalpress/rod_ardite, conditions not met
[10:23:40] [INFO] Skipping recipe mysticalagriculture:essence/botania/light_gray_mystical_flower, conditions not met
[10:23:40] [INFO] Skipping recipe immersiveengineering:arcfurnace/raw_ore_ardite, conditions not met
[10:23:40] [INFO] Skipping recipe mysticalagriculture:seed/infusion/manyullyn, conditions not met
[10:23:40] [INFO] Skipping recipe ae2:matter_cannon/nuggets/coal, conditions not met
[10:23:40] [INFO] Skipping recipe mysticalagriculture:essence/thermal/basalz_rod, conditions not met
[10:23:40] [INFO] Skipping recipe mysticalagradditions:tconstruct/tools/materials/imperium/ingot, conditions not met
[10:23:40] [INFO] Skipping recipe mysticalagriculture:seed/infusion/graphite, conditions not met
[10:23:40] [INFO] Skipping recipe mysticalagriculture:seed/infusion/platinum, conditions not met
[10:23:40] [INFO] Skipping recipe mysticalagriculture:seed/crafting/menril, conditions not met
[10:23:40] [INFO] Skipping recipe immersiveengineering:crusher/raw_ore_platinum, conditions not met
[10:23:40] [INFO] Skipping recipe mysticalagriculture:seed/infusion/neutronium, conditions not met
[10:23:40] [INFO] Skipping recipe immersiveengineering:metalpress/gear_rose_gold, conditions not met
[10:23:40] [INFO] Found 12489 recipes in 488.3 ms
[10:23:40] [ERROR] ! server_scripts:immersive.js#7: Failed to create a 'immersiveengineering:alloy' recipe from args [#c:raw_materials/iron, 600.0]: Constructor for immersiveengineering:alloy with 2 arguments not found!
[10:23:41] [INFO] Posted recipe events in 142 ms
[10:23:41] [INFO] KubeJS modifications to recipe manager finished in 35.21 ms
[10:23:41] [INFO] Added 6 recipes, removed 5 recipes, modified 0 recipes, with 1 failed recipes taking 809 ms in total
[10:23:45] [INFO] Server resource reload complete!
